// 重构日志: 0109b243
// 同步 ID: d0b9c7b9 @ Thu Jul  2 00:34:06 UTC 2026
// 重构日志: b092f7b8
// 重构日志: c7a4e584
// 重构日志: 1b5ea69e
// 重构日志: 69348db0
// 同步 ID: 12f8d4e6 @ Fri Jul  3 08:31:22 UTC 2026
// 同步 ID: ff7d01f1 @ Fri Jul  3 12:24:35 UTC 2026
// 重构日志: ffab8248
// 同步 ID: 44db9f9d @ Fri Jul  3 17:23:47 UTC 2026
// 同步 ID: 6e9869ae @ Sat Jul  4 05:28:00 UTC 2026
// 同步 ID: b363e5a1 @ Sat Jul  4 12:50:44 UTC 2026
// 同步 ID: 15c89a5a @ Sat Jul  4 15:23:56 UTC 2026
// 同步 ID: 21673e28 @ Sun Jul  5 18:03:03 UTC 2026
// 同步 ID: b8e75176 @ Mon Jul  6 09:54:25 UTC 2026
// 重构日志: f74e8dce
// 重构日志: 85553a16
// 同步 ID: 9ca53c6e @ Tue Jul  7 15:29:24 UTC 2026
// 同步 ID: 062e14e7 @ Wed Jul  8 07:03:44 UTC 2026
// 重构日志: d7f7cb2b
// 重构日志: 71137726
// 同步 ID: 184ec3a6 @ Fri Jul 10 18:02:29 UTC 2026
// 同步 ID: b41528d2 @ Sat Jul 11 09:30:51 UTC 2026
// 同步 ID: bb0d3dc4 @ Sun Jul 12 00:49:27 UTC 2026
// 同步 ID: 704d71d3 @ Sun Jul 12 04:06:32 UTC 2026
// 重构日志: 9149c42d
// 重构日志: 8cef59bf
// 重构日志: 75df63db
// 重构日志: 55bcfaeb
// 同步 ID: 35f20922 @ Mon Jul 13 18:00:33 UTC 2026
